<?xml version="1.0" encoding="UTF-8"?>
<robot generator="Robot 7.1.1 (Python 3.12.4 on win32)" generated="2024-11-11T12:47:50.719278" rpa="false" schemaversion="5">
<suite id="s1" name="Tests" source="C:\Users\Katri\Documents\Opiskelu\OhTu\webcounter\src\tests">
<suite id="s1-s1" name="Increment" source="C:\Users\Katri\Documents\Opiskelu\OhTu\webcounter\src\tests\increment.robot">
<kw name="Open And Configure Browser" owner="resource" type="SETUP">
<if>
<branch type="IF" condition="$BROWSER == 'chrome'">
<kw name="Evaluate" owner="BuiltIn">
<msg time="2024-11-11T12:47:50.929517" level="INFO">${options} = &lt;selenium.webdriver.chrome.options.Options object at 0x00000222715CD8E0&gt;</msg>
<var>${options}</var>
<arg>sys.modules['selenium.webdriver'].ChromeOptions()</arg>
<arg>sys</arg>
<doc>Evaluates the given expression in Python and returns the result.</doc>
<status status="PASS" start="2024-11-11T12:47:50.929011" elapsed="0.000607"/>
</kw>
<status status="PASS" start="2024-11-11T12:47:50.928414" elapsed="0.001204"/>
</branch>
<branch type="ELSE IF" condition="$BROWSER == 'firefox'">
<kw name="Evaluate" owner="BuiltIn">
<var>${options}</var>
<arg>sys.modules['selenium.webdriver'].FirefoxOptions()</arg>
<arg>sys</arg>
<doc>Evaluates the given expression in Python and returns the result.</doc>
<status status="NOT RUN" start="2024-11-11T12:47:50.929618" elapsed="0.000000"/>
</kw>
<status status="NOT RUN" start="2024-11-11T12:47:50.929618" elapsed="0.000000"/>
</branch>
<status status="PASS" start="2024-11-11T12:47:50.928414" elapsed="0.001204"/>
</if>
<if>
<branch type="IF" condition="$HEADLESS == 'true'">
<kw name="Set Selenium Speed" owner="SeleniumLibrary">
<arg>0</arg>
<doc>Sets the delay that is waited after each Selenium command.</doc>
<status status="PASS" start="2024-11-11T12:47:50.929618" elapsed="0.000582"/>
</kw>
<kw name="Call Method" owner="BuiltIn">
<arg>${options}</arg>
<arg>add_argument</arg>
<arg>--headless</arg>
<doc>Calls the named method of the given object with the provided arguments.</doc>
<status status="PASS" start="2024-11-11T12:47:50.930200" elapsed="0.000000"/>
</kw>
<status status="PASS" start="2024-11-11T12:47:50.929618" elapsed="0.000582"/>
</branch>
<branch type="ELSE">
<kw name="Set Selenium Speed" owner="SeleniumLibrary">
<arg>${DELAY}</arg>
<doc>Sets the delay that is waited after each Selenium command.</doc>
<status status="NOT RUN" start="2024-11-11T12:47:50.930200" elapsed="0.000000"/>
</kw>
<status status="NOT RUN" start="2024-11-11T12:47:50.930200" elapsed="0.000000"/>
</branch>
<status status="PASS" start="2024-11-11T12:47:50.929618" elapsed="0.000582"/>
</if>
<kw name="Open Browser" owner="SeleniumLibrary">
<msg time="2024-11-11T12:47:50.930807" level="INFO">Opening browser 'chrome' to base url 'None'.</msg>
<arg>browser=${BROWSER}</arg>
<arg>options=${options}</arg>
<doc>Opens a new browser instance to the optional ``url``.</doc>
<status status="PASS" start="2024-11-11T12:47:50.930706" elapsed="1.626746"/>
</kw>
<status status="PASS" start="2024-11-11T12:47:50.928414" elapsed="1.629982"/>
</kw>
<test id="s1-s1-t1" name="At start the counter is zero" line="7">
<kw name="Go To" owner="SeleniumLibrary">
<msg time="2024-11-11T12:47:52.559393" level="INFO">Opening url 'http://localhost:5001'</msg>
<arg>${HOME_URL}</arg>
<doc>Navigates the current browser window to the provided ``url``.</doc>
<status status="PASS" start="2024-11-11T12:47:52.558396" elapsed="0.366647"/>
</kw>
<kw name="Title Should Be" owner="SeleniumLibrary">
<msg time="2024-11-11T12:47:52.933045" level="INFO">Page title is 'Laskuri'.</msg>
<arg>Laskuri</arg>
<doc>Verifies that the current page title equals ``title``.</doc>
<status status="PASS" start="2024-11-11T12:47:52.925043" elapsed="0.008002"/>
</kw>
<kw name="Page Should Contain" owner="SeleniumLibrary">
<msg time="2024-11-11T12:47:52.951150" level="INFO">Current page contains text 'nappia painettu 0 kertaa'.</msg>
<arg>nappia painettu 0 kertaa</arg>
<doc>Verifies that current page contains ``text``.</doc>
<status status="PASS" start="2024-11-11T12:47:52.933045" elapsed="0.018105"/>
</kw>
<status status="PASS" start="2024-11-11T12:47:52.558396" elapsed="0.392754"/>
</test>
<test id="s1-s1-t2" name="When button pressed twice the counter is two" line="12">
<kw name="Go To" owner="SeleniumLibrary">
<msg time="2024-11-11T12:47:52.952149" level="INFO">Opening url 'http://localhost:5001'</msg>
<arg>${HOME_URL}</arg>
<doc>Navigates the current browser window to the provided ``url``.</doc>
<status status="PASS" start="2024-11-11T12:47:52.952149" elapsed="0.203202"/>
</kw>
<kw name="Click Button" owner="SeleniumLibrary">
<msg time="2024-11-11T12:47:53.155351" level="INFO">Clicking button 'Paina'.</msg>
<arg>Paina</arg>
<doc>Clicks the button identified by ``locator``.</doc>
<status status="PASS" start="2024-11-11T12:47:53.155351" elapsed="0.371446"/>
</kw>
<kw name="Click Button" owner="SeleniumLibrary">
<msg time="2024-11-11T12:47:53.527796" level="INFO">Clicking button 'Paina'.</msg>
<arg>Paina</arg>
<doc>Clicks the button identified by ``locator``.</doc>
<status status="PASS" start="2024-11-11T12:47:53.527796" elapsed="0.359452"/>
</kw>
<kw name="Page Should Contain" owner="SeleniumLibrary">
<msg time="2024-11-11T12:47:53.900878" level="INFO">Current page contains text 'nappia painettu 2 kertaa'.</msg>
<arg>nappia painettu 2 kertaa</arg>
<doc>Verifies that current page contains ``text``.</doc>
<status status="PASS" start="2024-11-11T12:47:53.887248" elapsed="0.013630"/>
</kw>
<status status="PASS" start="2024-11-11T12:47:52.951150" elapsed="0.949728"/>
</test>
<kw name="Close Browser" owner="SeleniumLibrary" type="TEARDOWN">
<doc>Closes the current browser.</doc>
<status status="PASS" start="2024-11-11T12:47:53.901881" elapsed="2.170891"/>
</kw>
<status status="PASS" start="2024-11-11T12:47:50.741279" elapsed="5.331493"/>
</suite>
<suite id="s1-s2" name="Reset" source="C:\Users\Katri\Documents\Opiskelu\OhTu\webcounter\src\tests\reset.robot">
<kw name="Open And Configure Browser" owner="resource" type="SETUP">
<if>
<branch type="IF" condition="$BROWSER == 'chrome'">
<kw name="Evaluate" owner="BuiltIn">
<msg time="2024-11-11T12:47:56.078762" level="INFO">${options} = &lt;selenium.webdriver.chrome.options.Options object at 0x00000222715F34D0&gt;</msg>
<var>${options}</var>
<arg>sys.modules['selenium.webdriver'].ChromeOptions()</arg>
<arg>sys</arg>
<doc>Evaluates the given expression in Python and returns the result.</doc>
<status status="PASS" start="2024-11-11T12:47:56.078762" elapsed="0.000000"/>
</kw>
<status status="PASS" start="2024-11-11T12:47:56.078762" elapsed="0.000000"/>
</branch>
<branch type="ELSE IF" condition="$BROWSER == 'firefox'">
<kw name="Evaluate" owner="BuiltIn">
<var>${options}</var>
<arg>sys.modules['selenium.webdriver'].FirefoxOptions()</arg>
<arg>sys</arg>
<doc>Evaluates the given expression in Python and returns the result.</doc>
<status status="NOT RUN" start="2024-11-11T12:47:56.079763" elapsed="0.000000"/>
</kw>
<status status="NOT RUN" start="2024-11-11T12:47:56.078762" elapsed="0.001001"/>
</branch>
<status status="PASS" start="2024-11-11T12:47:56.078762" elapsed="0.001001"/>
</if>
<if>
<branch type="IF" condition="$HEADLESS == 'true'">
<kw name="Set Selenium Speed" owner="SeleniumLibrary">
<arg>0</arg>
<doc>Sets the delay that is waited after each Selenium command.</doc>
<status status="PASS" start="2024-11-11T12:47:56.079763" elapsed="0.000000"/>
</kw>
<kw name="Call Method" owner="BuiltIn">
<arg>${options}</arg>
<arg>add_argument</arg>
<arg>--headless</arg>
<doc>Calls the named method of the given object with the provided arguments.</doc>
<status status="PASS" start="2024-11-11T12:47:56.079763" elapsed="0.000000"/>
</kw>
<status status="PASS" start="2024-11-11T12:47:56.079763" elapsed="0.000000"/>
</branch>
<branch type="ELSE">
<kw name="Set Selenium Speed" owner="SeleniumLibrary">
<arg>${DELAY}</arg>
<doc>Sets the delay that is waited after each Selenium command.</doc>
<status status="NOT RUN" start="2024-11-11T12:47:56.079763" elapsed="0.000000"/>
</kw>
<status status="NOT RUN" start="2024-11-11T12:47:56.079763" elapsed="0.000000"/>
</branch>
<status status="PASS" start="2024-11-11T12:47:56.079763" elapsed="0.000000"/>
</if>
<kw name="Open Browser" owner="SeleniumLibrary">
<msg time="2024-11-11T12:47:56.079763" level="INFO">Opening browser 'chrome' to base url 'None'.</msg>
<arg>browser=${BROWSER}</arg>
<arg>options=${options}</arg>
<doc>Opens a new browser instance to the optional ``url``.</doc>
<status status="PASS" start="2024-11-11T12:47:56.079763" elapsed="1.516740"/>
</kw>
<status status="PASS" start="2024-11-11T12:47:56.078762" elapsed="1.517741"/>
</kw>
<test id="s1-s2-t1" name="When counter has a nonzero value and it is reset the value becomes zero" line="7">
<kw name="Go To" owner="SeleniumLibrary">
<msg time="2024-11-11T12:47:57.596503" level="INFO">Opening url 'http://localhost:5001'</msg>
<arg>${HOME_URL}</arg>
<doc>Navigates the current browser window to the provided ``url``.</doc>
<status status="PASS" start="2024-11-11T12:47:57.596503" elapsed="0.349616"/>
</kw>
<kw name="Click Button" owner="SeleniumLibrary">
<msg time="2024-11-11T12:47:57.946119" level="INFO">Clicking button 'Paina'.</msg>
<arg>Paina</arg>
<doc>Clicks the button identified by ``locator``.</doc>
<status status="PASS" start="2024-11-11T12:47:57.946119" elapsed="0.392703"/>
</kw>
<kw name="Page Should Not Contain" owner="SeleniumLibrary">
<msg time="2024-11-11T12:47:58.364300" level="INFO">Current page does not contain text 'nappia painettu 0 kertaa'.</msg>
<arg>nappia painettu 0 kertaa</arg>
<doc>Verifies the current page does not contain ``text``.</doc>
<status status="PASS" start="2024-11-11T12:47:58.338822" elapsed="0.025478"/>
</kw>
<kw name="Click Button" owner="SeleniumLibrary">
<msg time="2024-11-11T12:47:58.364300" level="INFO">Clicking button 'Nollaa'.</msg>
<arg>Nollaa</arg>
<doc>Clicks the button identified by ``locator``.</doc>
<status status="PASS" start="2024-11-11T12:47:58.364300" elapsed="0.365170"/>
</kw>
<kw name="Page Should Contain" owner="SeleniumLibrary">
<msg time="2024-11-11T12:47:58.742159" level="INFO">Current page contains text 'nappia painettu 0 kertaa'.</msg>
<arg>nappia painettu 0 kertaa</arg>
<doc>Verifies that current page contains ``text``.</doc>
<status status="PASS" start="2024-11-11T12:47:58.729470" elapsed="0.012689"/>
</kw>
<status status="PASS" start="2024-11-11T12:47:57.596503" elapsed="1.145656"/>
</test>
<kw name="Close Browser" owner="SeleniumLibrary" type="TEARDOWN">
<doc>Closes the current browser.</doc>
<status status="PASS" start="2024-11-11T12:47:58.742159" elapsed="2.179192"/>
</kw>
<status status="PASS" start="2024-11-11T12:47:56.074770" elapsed="4.847723"/>
</suite>
<status status="PASS" start="2024-11-11T12:47:50.721279" elapsed="10.202201"/>
</suite>
<statistics>
<total>
<stat pass="3" fail="0" skip="0">All Tests</stat>
</total>
<tag>
</tag>
<suite>
<stat pass="3" fail="0" skip="0" id="s1" name="Tests">Tests</stat>
<stat pass="2" fail="0" skip="0" id="s1-s1" name="Increment">Tests.Increment</stat>
<stat pass="1" fail="0" skip="0" id="s1-s2" name="Reset">Tests.Reset</stat>
</suite>
</statistics>
<errors>
</errors>
</robot>
